# JRE version: Java(TM) SE Runtime Environment 18.9 (11.0.16+11) (build 11.0.16+11-LTS-199)
# Java VM: Java HotSpot(TM) 64-Bit Server VM 18.9 (11.0.16+11-LTS-199, mixed mode, tiered, compressed oops, g1 gc, windows-amd64)
Heap:
 garbage-first heap   total 344064K, used 159127K [0x00000000e0000000, 0x0000000100000000)
  region size 1024K, 145 young (148480K), 7 survivors (7168K)
 Metaspace       used 46581K, capacity 47510K, committed 47792K, reserved 1091584K
  class space    used 5905K, capacity 6289K, committed 6320K, reserved 1048576K
GC Heap History (10 events):
Event: 1.021 GC heap before
{Heap before GC invocations=1 (full 0):
 garbage-first heap   total 344064K, used 25227K [0x00000000e0000000, 0x0000000100000000)
  region size 1024K, 16 young (16384K), 3 survivors (3072K)
 Metaspace       used 13807K, capacity 14161K, committed 14464K, reserved 1062912K
  class space    used 1504K, capacity 1615K, committed 1664K, reserved 1048576K
}
Event: 1.023 GC heap after
{Heap after GC invocations=2 (full 0):
 garbage-first heap   total 344064K, used 12989K [0x00000000e0000000, 0x0000000100000000)
  region size 1024K, 1 young (1024K), 1 survivors (1024K)
 Metaspace       used 13807K, capacity 14161K, committed 14464K, reserved 1062912K
  class space    used 1504K, capacity 1615K, committed 1664K, reserved 1048576K
}
Event: 1.412 GC heap before
{Heap before GC invocations=2 (full 0):
 garbage-first heap   total 344064K, used 50877K [0x00000000e0000000, 0x0000000100000000)
  region size 1024K, 38 young (38912K), 1 survivors (1024K)
 Metaspace       used 17863K, capacity 18347K, committed 18560K, reserved 1064960K
  class space    used 1994K, capacity 2151K, committed 2176K, reserved 1048576K
}
Event: 1.414 GC heap after
{Heap after GC invocations=3 (full 0):
 garbage-first heap   total 344064K, used 13839K [0x00000000e0000000, 0x0000000100000000)
  region size 1024K, 2 young (2048K), 2 survivors (2048K)
 Metaspace       used 17863K, capacity 18347K, committed 18560K, reserved 1064960K
  class space    used 1994K, capacity 2151K, committed 2176K, reserved 1048576K
}
Event: 1.705 GC heap before
{Heap before GC invocations=3 (full 0):
 garbage-first heap   total 344064K, used 42511K [0x00000000e0000000, 0x0000000100000000)
  region size 1024K, 31 young (31744K), 2 survivors (2048K)
 Metaspace       used 20706K, capacity 21230K, committed 21296K, reserved 1069056K
  class space    used 2364K, capacity 2561K, committed 2608K, reserved 1048576K
}
Event: 1.707 GC heap after
{Heap after GC invocations=4 (full 0):
 garbage-first heap   total 344064K, used 14455K [0x00000000e0000000, 0x0000000100000000)
  region size 1024K, 3 young (3072K), 3 survivors (3072K)
 Metaspace       used 20706K, capacity 21230K, committed 21296K, reserved 1069056K
  class space    used 2364K, capacity 2561K, committed 2608K, reserved 1048576K
}
Event: 2.388 GC heap before
{Heap before GC invocations=5 (full 0):
 garbage-first heap   total 344064K, used 90231K [0x00000000e0000000, 0x0000000100000000)
  region size 1024K, 77 young (78848K), 3 survivors (3072K)
 Metaspace       used 27332K, capacity 28168K, committed 28208K, reserved 1073152K
  class space    used 3293K, capacity 3612K, committed 3632K, reserved 1048576K
}
Event: 2.391 GC heap after
{Heap after GC invocations=6 (full 0):
 garbage-first heap   total 344064K, used 16475K [0x00000000e0000000, 0x0000000100000000)
  region size 1024K, 4 young (4096K), 4 survivors (4096K)
 Metaspace       used 27332K, capacity 28168K, committed 28208K, reserved 1073152K
  class space    used 3293K, capacity 3612K, committed 3632K, reserved 1048576K
}
Event: 3.563 GC heap before
{Heap before GC invocations=6 (full 0):
 garbage-first heap   total 344064K, used 135259K [0x00000000e0000000, 0x0000000100000000)
  region size 1024K, 121 young (123904K), 4 survivors (4096K)
 Metaspace       used 34946K, capacity 35801K, committed 35888K, reserved 1081344K
  class space    used 4247K, capacity 4605K, committed 4656K, reserved 1048576K
}
Event: 3.569 GC heap after
{Heap after GC invocations=7 (full 0):
 garbage-first heap   total 344064K, used 18839K [0x00000000e0000000, 0x0000000100000000)
  region size 1024K, 7 young (7168K), 7 survivors (7168K)
 Metaspace       used 34946K, capacity 35801K, committed 35888K, reserved 1081344K
  class space    used 4247K, capacity 4605K, committed 4656K, reserved 1048576K
}

